18:34:08 **** Incremental Build of configuration Debug for project 13. CheckTemp ****
make -j8 all 
arm-none-eabi-gcc "../Core/Src/main.c" -mcpu=cortex-m4 -std=gnu11 -g3 -DDEBUG -DUSE_HAL_DRIVER -DSTM32F407xx -c -I../Core/Inc -I../Drivers/STM32F4xx_HAL_Driver/Inc -I../Drivers/STM32F4xx_HAL_Driver/Inc/Legacy -I../Drivers/CMSIS/Device/ST/STM32F4xx/Include -I../Drivers/CMSIS/Include -O0 -ffunction-sections -fdata-sections -Wall -fstack-usage -fcyclomatic-complexity -MMD -MP -MF"Core/Src/main.d" -MT"Core/Src/main.o" --specs=nano.specs -mfpu=fpv4-sp-d16 -mfloat-abi=hard -mthumb -o "Core/Src/main.o"
arm-none-eabi-gcc -o "13. CheckTemp.elf" @"objects.list"   -mcpu=cortex-m4 -T"D:\Embedded Driver Development\TAPIT\13. CheckTemp\STM32F407VGTX_FLASH.ld" --specs=nosys.specs -Wl,-Map="13. CheckTemp.map" -Wl,--gc-sections -static --specs=nano.specs -mfpu=fpv4-sp-d16 -mfloat-abi=hard -mthumb -Wl,--start-group -lc -lm -Wl,--end-group
C:/ST/STM32CubeIDE_1.13.0/STM32CubeIDE/plugins/com.st.stm32cube.ide.mcu.externaltools.gnu-tools-for-stm32.11.3.rel1.win32_1.1.1.202309131626/tools/bin/../lib/gcc/arm-none-eabi/11.3.1/../../../../arm-none-eabi/bin/ld.exe: ./Core/Src/stm32f4xx_hal_msp.o: in function `HAL_ADC_MspInit':
D:/Embedded Driver Development/TAPIT/13. CheckTemp/Debug/../Core/Src/stm32f4xx_hal_msp.c:134: undefined reference to `hdma_adc1'
C:/ST/STM32CubeIDE_1.13.0/STM32CubeIDE/plugins/com.st.stm32cube.ide.mcu.externaltools.gnu-tools-for-stm32.11.3.rel1.win32_1.1.1.202309131626/tools/bin/../lib/gcc/arm-none-eabi/11.3.1/../../../../arm-none-eabi/bin/ld.exe: ./Core/Src/stm32f4xx_it.o: in function `DMA2_Stream0_IRQHandler':
D:/Embedded Driver Development/TAPIT/13. CheckTemp/Debug/../Core/Src/stm32f4xx_it.c:228: undefined reference to `hdma_adc1'
collect2.exe: error: ld returned 1 exit status
make: *** [makefile:64: 13. CheckTemp.elf] Error 1
"make -j8 all" terminated with exit code 2. Build might be incomplete.

18:34:08 Build Failed. 5 errors, 0 warnings. (took 552ms)

