22:44:35 **** Incremental Build of configuration Debug for project Temppp ****
make -j8 all 
arm-none-eabi-gcc "../Core/Src/main.c" -mcpu=cortex-m4 -std=gnu11 -g -DDEBUG -DUSE_HAL_DRIVER -DSTM32F407xx -c -I../Core/Inc -I../Drivers/STM32F4xx_HAL_Driver/Inc -I../Drivers/STM32F4xx_HAL_Driver/Inc/Legacy -I../Drivers/CMSIS/Device/ST/STM32F4xx/Include -I../Drivers/CMSIS/Include -O0 -ffunction-sections -fdata-sections -Wall -fstack-usage -fcyclomatic-complexity -MMD -MP -MF"Core/Src/main.d" -MT"Core/Src/main.o" --specs=nano.specs -mfpu=fpv4-sp-d16 -mfloat-abi=hard -mthumb -o "Core/Src/main.o"
../Core/Src/main.c: In function 'main':
../Core/Src/main.c:73:30: warning: implicit declaration of function 'sum' [-Wimplicit-function-declaration]
   73 |             int sum_result = sum(a, b);
      |                              ^~~
../Core/Src/main.c:74:35: warning: implicit declaration of function 'subtract' [-Wimplicit-function-declaration]
   74 |             int subtract_result = subtract(a, b);
      |                                   ^~~~~~~~
../Core/Src/main.c:76:26: warning: implicit declaration of function 'AREA_OF_CIRCLE' [-Wimplicit-function-declaration]
   76 |             float area = AREA_OF_CIRCLE(radius);
      |                          ^~~~~~~~~~~~~~
../Core/Src/main.c:78:13: warning: implicit declaration of function 'printf' [-Wimplicit-function-declaration]
   78 |             printf("Sum: %d\n", sum_result);
      |             ^~~~~~
../Core/Src/main.c:21:1: note: include '<stdio.h>' or provide a declaration of 'printf'
   20 | #include "main.h"
  +++ |+#include <stdio.h>
   21 | 
../Core/Src/main.c:78:13: warning: incompatible implicit declaration of built-in function 'printf' [-Wbuiltin-declaration-mismatch]
   78 |             printf("Sum: %d\n", sum_result);
      |             ^~~~~~
../Core/Src/main.c:78:13: note: include '<stdio.h>' or provide a declaration of 'printf'
arm-none-eabi-gcc -o "Temppp.elf" @"objects.list"   -mcpu=cortex-m4 -T"D:\Embedded Driver Development\TAPIT\Temppp\STM32F407VGTX_FLASH.ld" --specs=nosys.specs -Wl,-Map="Temppp.map" -Wl,--gc-sections -static --specs=nano.specs -mfpu=fpv4-sp-d16 -mfloat-abi=hard -mthumb -u _printf_float -u _scanf_float -Wl,--start-group -lc -lm -Wl,--end-group
C:/ST/STM32CubeIDE_1.13.0/STM32CubeIDE/plugins/com.st.stm32cube.ide.mcu.externaltools.gnu-tools-for-stm32.11.3.rel1.win32_1.1.1.202309131626/tools/bin/../lib/gcc/arm-none-eabi/11.3.1/../../../../arm-none-eabi/bin/ld.exe: ./Core/Src/main_1.o: in function `main':
D:/Embedded Driver Development/TAPIT/Temppp/Debug/../Core/Src/main_1.c:4: multiple definition of `main'; ./Core/Src/main.o:D:/Embedded Driver Development/TAPIT/Temppp/Debug/../Core/Src/main.c:69: first defined here
C:/ST/STM32CubeIDE_1.13.0/STM32CubeIDE/plugins/com.st.stm32cube.ide.mcu.externaltools.gnu-tools-for-stm32.11.3.rel1.win32_1.1.1.202309131626/tools/bin/../lib/gcc/arm-none-eabi/11.3.1/../../../../arm-none-eabi/bin/ld.exe: ./Core/Src/main.o: in function `main':
D:/Embedded Driver Development/TAPIT/Temppp/Debug/../Core/Src/main.c:76: undefined reference to `AREA_OF_CIRCLE'
collect2.exe: error: ld returned 1 exit status
make: *** [makefile:64: Temppp.elf] Error 1
"make -j8 all" terminated with exit code 2. Build might be incomplete.

22:44:36 Build Failed. 5 errors, 5 warnings. (took 560ms)

